<?xml version="1.0" encoding="UTF-8"?>
<!-- Generated by org.testng.reporters.JUnitReportReporter -->
<testsuite hostname="fagner-Inspiron-5675" name="br.com.havilah.consultoria.br.com.havilah.consultoria.leJason.AppTest" tests="1" failures="0" timestamp="3 May 2019 03:43:53 GMT" time="0.004" errors="0">
  <testcase name="testApp" time="0.004" classname="br.com.havilah.consultoria.br.com.havilah.consultoria.leJason.AppTest"/>
</testsuite> <!-- br.com.havilah.consultoria.br.com.havilah.consultoria.leJason.AppTest -->
